# JRE version: OpenJDK Runtime Environment Temurin-17.0.4.1+1 (17.0.4.1+1) (build 17.0.4.1+1)
# Java VM: OpenJDK 64-Bit Server VM Temurin-17.0.4.1+1 (17.0.4.1+1, mixed mode, emulated-client, tiered, compressed oops, compressed class ptrs, g1 gc, windows-amd64)
GC Precious Log:
 CPUs: 8 total, 8 available
 Memory: 10177M
 Large Page Support: Disabled
 NUMA Support: Disabled
 Compressed Oops: Enabled (Zero based)
 Heap Region Size: 2M
 Heap Min Capacity: 8M
 Heap Initial Capacity: 160M
 Heap Max Capacity: 2546M
 Pre-touch: Disabled
 Parallel Workers: 8
 Concurrent Workers: 2
 Concurrent Refinement Workers: 8
 Periodic GC: Disabled
Heap:
 garbage-first heap   total 139264K, used 32392K [0x0000000760e00000, 0x0000000800000000)
  region size 2048K, 10 young (20480K), 3 survivors (6144K)
 Metaspace       used 58387K, committed 58816K, reserved 1105920K
  class space    used 7686K, committed 7872K, reserved 1048576K
GC Heap History (20 events):
Event: 2.617 GC heap before
{Heap before GC invocations=8 (full 0):
 garbage-first heap   total 73728K, used 49146K [0x0000000760e00000, 0x0000000800000000)
  region size 2048K, 21 young (43008K), 2 survivors (4096K)
 Metaspace       used 28884K, committed 29248K, reserved 1081344K
  class space    used 3477K, committed 3648K, reserved 1048576K
}
Event: 2.625 GC heap after
{Heap after GC invocations=9 (full 0):
 garbage-first heap   total 73728K, used 12073K [0x0000000760e00000, 0x0000000800000000)
  region size 2048K, 2 young (4096K), 2 survivors (4096K)
 Metaspace       used 28884K, committed 29248K, reserved 1081344K
  class space    used 3477K, committed 3648K, reserved 1048576K
}
Event: 3.024 GC heap before
{Heap before GC invocations=9 (full 0):
 garbage-first heap   total 73728K, used 50985K [0x0000000760e00000, 0x0000000800000000)
  region size 2048K, 21 young (43008K), 2 survivors (4096K)
 Metaspace       used 34963K, committed 35264K, reserved 1081344K
  class space    used 4244K, committed 4416K, reserved 1048576K
}
Event: 3.035 GC heap after
{Heap after GC invocations=10 (full 0):
 garbage-first heap   total 73728K, used 14111K [0x0000000760e00000, 0x0000000800000000)
  region size 2048K, 3 young (6144K), 3 survivors (6144K)
 Metaspace       used 34963K, committed 35264K, reserved 1081344K
  class space    used 4244K, committed 4416K, reserved 1048576K
}
Event: 3.106 GC heap before
{Heap before GC invocations=10 (full 0):
 garbage-first heap   total 73728K, used 24351K [0x0000000760e00000, 0x0000000800000000)
  region size 2048K, 9 young (18432K), 3 survivors (6144K)
 Metaspace       used 35723K, committed 35968K, reserved 1081344K
  class space    used 4350K, committed 4480K, reserved 1048576K
}
Event: 3.113 GC heap after
{Heap after GC invocations=11 (full 0):
 garbage-first heap   total 73728K, used 14438K [0x0000000760e00000, 0x0000000800000000)
  region size 2048K, 2 young (4096K), 2 survivors (4096K)
 Metaspace       used 35723K, committed 35968K, reserved 1081344K
  class space    used 4350K, committed 4480K, reserved 1048576K
}
Event: 3.399 GC heap before
{Heap before GC invocations=12 (full 0):
 garbage-first heap   total 61440K, used 49254K [0x0000000760e00000, 0x0000000800000000)
  region size 2048K, 21 young (43008K), 2 survivors (4096K)
 Metaspace       used 38609K, committed 38912K, reserved 1089536K
  class space    used 4801K, committed 4928K, reserved 1048576K
}
Event: 3.403 GC heap after
{Heap after GC invocations=13 (full 0):
 garbage-first heap   total 61440K, used 15086K [0x0000000760e00000, 0x0000000800000000)
  region size 2048K, 2 young (4096K), 2 survivors (4096K)
 Metaspace       used 38609K, committed 38912K, reserved 1089536K
  class space    used 4801K, committed 4928K, reserved 1048576K
}
Event: 3.422 GC heap before
{Heap before GC invocations=13 (full 0):
 garbage-first heap   total 61440K, used 17134K [0x0000000760e00000, 0x0000000800000000)
  region size 2048K, 3 young (6144K), 2 survivors (4096K)
 Metaspace       used 38797K, committed 39168K, reserved 1089536K
  class space    used 4830K, committed 4992K, reserved 1048576K
}
Event: 3.429 GC heap after
{Heap after GC invocations=14 (full 0):
 garbage-first heap   total 73728K, used 15038K [0x0000000760e00000, 0x0000000800000000)
  region size 2048K, 1 young (2048K), 1 survivors (2048K)
 Metaspace       used 38797K, committed 39168K, reserved 1089536K
  class space    used 4830K, committed 4992K, reserved 1048576K
}
Event: 3.745 GC heap before
{Heap before GC invocations=14 (full 0):
 garbage-first heap   total 73728K, used 53950K [0x0000000760e00000, 0x0000000800000000)
  region size 2048K, 21 young (43008K), 1 survivors (2048K)
 Metaspace       used 42598K, committed 42944K, reserved 1089536K
  class space    used 5507K, committed 5696K, reserved 1048576K
}
Event: 3.749 GC heap after
{Heap after GC invocations=15 (full 0):
 garbage-first heap   total 73728K, used 15650K [0x0000000760e00000, 0x0000000800000000)
  region size 2048K, 1 young (2048K), 1 survivors (2048K)
 Metaspace       used 42598K, committed 42944K, reserved 1089536K
  class space    used 5507K, committed 5696K, reserved 1048576K
}
Event: 4.018 GC heap before
{Heap before GC invocations=15 (full 0):
 garbage-first heap   total 73728K, used 56610K [0x0000000760e00000, 0x0000000800000000)
  region size 2048K, 21 young (43008K), 1 survivors (2048K)
 Metaspace       used 45586K, committed 45952K, reserved 1089536K
  class space    used 5894K, committed 6080K, reserved 1048576K
}
Event: 4.023 GC heap after
{Heap after GC invocations=16 (full 0):
 garbage-first heap   total 73728K, used 16579K [0x0000000760e00000, 0x0000000800000000)
  region size 2048K, 2 young (4096K), 2 survivors (4096K)
 Metaspace       used 45586K, committed 45952K, reserved 1089536K
  class space    used 5894K, committed 6080K, reserved 1048576K
}
Event: 4.351 GC heap before
{Heap before GC invocations=16 (full 0):
 garbage-first heap   total 73728K, used 53443K [0x0000000760e00000, 0x0000000800000000)
  region size 2048K, 21 young (43008K), 2 survivors (4096K)
 Metaspace       used 49247K, committed 49600K, reserved 1097728K
  class space    used 6525K, committed 6720K, reserved 1048576K
}
Event: 4.356 GC heap after
{Heap after GC invocations=17 (full 0):
 garbage-first heap   total 73728K, used 17120K [0x0000000760e00000, 0x0000000800000000)
  region size 2048K, 2 young (4096K), 2 survivors (4096K)
 Metaspace       used 49247K, committed 49600K, reserved 1097728K
  class space    used 6525K, committed 6720K, reserved 1048576K
}
Event: 4.596 GC heap before
{Heap before GC invocations=17 (full 0):
 garbage-first heap   total 73728K, used 56032K [0x0000000760e00000, 0x0000000800000000)
  region size 2048K, 21 young (43008K), 2 survivors (4096K)
 Metaspace       used 52597K, committed 52992K, reserved 1097728K
  class space    used 6914K, committed 7104K, reserved 1048576K
}
Event: 4.604 GC heap after
{Heap after GC invocations=18 (full 0):
 garbage-first heap   total 139264K, used 17701K [0x0000000760e00000, 0x0000000800000000)
  region size 2048K, 2 young (4096K), 2 survivors (4096K)
 Metaspace       used 52597K, committed 52992K, reserved 1097728K
  class space    used 6914K, committed 7104K, reserved 1048576K
}
Event: 623.032 GC heap before
{Heap before GC invocations=18 (full 0):
 garbage-first heap   total 139264K, used 95525K [0x0000000760e00000, 0x0000000800000000)
  region size 2048K, 40 young (81920K), 2 survivors (4096K)
 Metaspace       used 58384K, committed 58816K, reserved 1105920K
  class space    used 7685K, committed 7872K, reserved 1048576K
}
Event: 623.042 GC heap after
{Heap after GC invocations=19 (full 0):
 garbage-first heap   total 139264K, used 20104K [0x0000000760e00000, 0x0000000800000000)
  region size 2048K, 3 young (6144K), 3 survivors (6144K)
 Metaspace       used 58384K, committed 58816K, reserved 1105920K
  class space    used 7685K, committed 7872K, reserved 1048576K
}

